<?xml version="1.0" encoding="UTF-8"?>
<!-- Generated by org.testng.reporters.JUnitXMLReporter -->
<testsuite hostname="DESKTOP-LVQM92J" ignored="0" name="Default test" tests="6" failures="0" timestamp="09 May 2021 04:50:28 GMT" time="0.299" errors="0">
  <testcase name="book" time="0.06" classname="com.TestNG_Project.Groups_Concept"/>
  <testcase name="earphone" time="0.006" classname="com.TestNG_Project.Groups_Concept"/>
  <testcase name="facebook" time="0.002" classname="com.TestNG_Project.Groups_Concept"/>
  <testcase name="laptop" time="0.003" classname="com.TestNG_Project.Groups_Concept"/>
  <testcase name="mobile" time="0.025" classname="com.TestNG_Project.Groups_Concept"/>
  <testcase name="whatsapp" time="0.003" classname="com.TestNG_Project.Groups_Concept"/>
</testsuite> <!-- Default test -->
