<?xml version="1.0" encoding="UTF-8"?>
<!-- Generated by org.testng.reporters.JUnitXMLReporter -->
<testsuite hostname="DESKTOP-LVQM92J" ignored="1" name="Test" tests="5" failures="0" timestamp="09 May 2021 04:50:54 GMT" time="0.515" errors="0">
  <testcase name="earphone" time="0.063" classname="com.TestNG_Project.Groups_Concept"/>
  <testcase name="facebook" time="0.058" classname="com.TestNG_Project.Groups_Concept"/>
  <testcase name="laptop" time="0.008" classname="com.TestNG_Project.Groups_Concept"/>
  <testcase name="mobile" time="0.016" classname="com.TestNG_Project.Groups_Concept"/>
  <testcase name="whatsapp" time="0.006" classname="com.TestNG_Project.Groups_Concept"/>
  <testcase name="book" time="0.0" classname="com.TestNG_Project.Groups_Concept">
    <ignored/>
  </testcase> <!-- book -->
</testsuite> <!-- Test -->
